[0m15:14:49.501508 [debug] [MainThread]: Sending event: {'category': 'dbt', 'action': 'invocation', 'label': 'start', 'context': [<snowplow_tracker.self_describing_json.SelfDescribingJson object at 0x00000283D6F56F00>, <snowplow_tracker.self_describing_json.SelfDescribingJson object at 0x00000283D6F57080>, <snowplow_tracker.self_describing_json.SelfDescribingJson object at 0x00000283D6F56F30>]}


============================== 15:14:49.508122 | 0d2cab83-860c-492b-866e-b4f1da5539f5 ==============================
[0m15:14:49.508122 [info ] [MainThread]: Running with dbt=1.7.9
[0m15:14:49.509595 [debug] [MainThread]: running dbt with arguments {'printer_width': '80', 'indirect_selection': 'eager', 'write_json': 'True', 'log_cache_events': 'False', 'partial_parse': 'True', 'cache_selected_only': 'False', 'warn_error': 'None', 'fail_fast': 'False', 'debug': 'False', 'log_path': 'logs', 'version_check': 'True', 'profiles_dir': 'C:\\Users\\ibtis\\.dbt', 'use_colors': 'True', 'use_experimental_parser': 'False', 'no_print': 'None', 'quiet': 'False', 'warn_error_options': 'WarnErrorOptions(include=[], exclude=[])', 'static_parser': 'True', 'introspect': 'True', 'invocation_command': 'dbt init', 'target_path': 'None', 'log_format': 'default', 'send_anonymous_usage_stats': 'True'}
[0m15:14:49.510652 [warn ] [MainThread]: [ConfigFolderDirectory]: Unable to parse dict {'dir': WindowsPath('C:/Users/ibtis/.dbt')}
[0m15:14:49.511603 [info ] [MainThread]: Creating dbt configuration folder at 
[0m15:31:09.918313 [debug] [MainThread]: Starter project path: C:\Users\ibtis\anaconda3\envs\dbt1\Lib\site-packages\dbt\include\starter_project
[0m15:31:09.951578 [info ] [MainThread]: 
Your new dbt project "quete_dbt_intro" was created!

For more information on how to configure the profiles.yml file,
please consult the dbt documentation here:

  https://docs.getdbt.com/docs/configure-your-profile

One more thing:

Need help? Don't hesitate to reach out to us via GitHub issues or on Slack:

  https://community.getdbt.com/

Happy modeling!

[0m15:31:09.955683 [info ] [MainThread]: Setting up your profile.
[0m15:31:13.483402 [info ] [MainThread]: Profile quete_dbt_intro written to C:\Users\ibtis\.dbt\profiles.yml using target's sample configuration. Once updated, you'll be able to start developing with dbt.
[0m15:31:13.488018 [debug] [MainThread]: Command `dbt init` succeeded at 15:31:13.485204 after 984.13 seconds
[0m15:31:13.488018 [debug] [MainThread]: Sending event: {'category': 'dbt', 'action': 'invocation', 'label': 'end', 'context': [<snowplow_tracker.self_describing_json.SelfDescribingJson object at 0x00000283D6B38050>, <snowplow_tracker.self_describing_json.SelfDescribingJson object at 0x00000283D6BD0800>, <snowplow_tracker.self_describing_json.SelfDescribingJson object at 0x00000283D6C6F470>]}
[0m15:31:13.488018 [debug] [MainThread]: Flushing usage events
